###############################################################################
#                                                                             #
# IAR ANSI C/C++ Compiler V6.30.1.53127/W32 for ARM     04/Mar/2014  15:51:25 #
# Copyright 1999-2011 IAR Systems AB.                                         #
#                                                                             #
#    Cpu mode     =  thumb                                                    #
#    Endian       =  little                                                   #
#    Source file  =  D:\proj\TC007_OBD_STM32_MB\bootloader\bootloader_src\dow #
#                    nload.c                                                  #
#    Command line =  D:\proj\TC007_OBD_STM32_MB\bootloader\bootloader_src\dow #
#                    nload.c -D VECT_TAB_FLASH -D IAR_ARM_CM3 -lcN            #
#                    D:\proj\TC007_OBD_STM32_MB\bootloader\IAR_STM32_BOOT\Deb #
#                    ug\List\ -o D:\proj\TC007_OBD_STM32_MB\bootloader\IAR_ST #
#                    M32_BOOT\Debug\Obj\ --no_cse --no_unroll --no_inline     #
#                    --no_code_motion --no_tbaa --no_clustering               #
#                    --no_scheduling --debug --endian=little --cpu=Cortex-M3  #
#                    -e --fpu=None --dlib_config "D:\Program Files\IAR        #
#                    Systems\Embedded Workbench 6.0_3\arm\INC\c\DLib_Config_F #
#                    ull.h" -I D:\proj\TC007_OBD_STM32_MB\bootloader\IAR_STM3 #
#                    2_BOOT\.\ -I D:\proj\TC007_OBD_STM32_MB\bootloader\IAR_S #
#                    TM32_BOOT\..\bootloader_src\ -I                          #
#                    D:\proj\TC007_OBD_STM32_MB\bootloader\IAR_STM32_BOOT\..\ #
#                    bootloader_src\library\ -I D:\proj\TC007_OBD_STM32_MB\bo #
#                    otloader\IAR_STM32_BOOT\..\bootloader_src\library\inc\   #
#                    -Ol --use_c++_inline --require_prototypes                #
#    List file    =  D:\proj\TC007_OBD_STM32_MB\bootloader\IAR_STM32_BOOT\Deb #
#                    ug\List\download.lst                                     #
#    Object file  =  D:\proj\TC007_OBD_STM32_MB\bootloader\IAR_STM32_BOOT\Deb #
#                    ug\Obj\download.o                                        #
#                                                                             #
#                                                                             #
###############################################################################

D:\proj\TC007_OBD_STM32_MB\bootloader\bootloader_src\download.c
      1          /******************** (C) COPYRIGHT 2007 STMicroelectronics ********************
      2          * File Name          : download.c
      3          * Author             : MCD Application Team
      4          * Version            : V1.0
      5          * Date               : 10/08/2007
      6          * Description        : This file provides the software which allows to download
      7          *                      an image to internal Flash.
      8          ********************************************************************************
      9          * THE PRESENT SOFTWARE WHICH IS FOR GUIDANCE ONLY AIMS AT PROVIDING CUSTOMERS
     10          * WITH CODING INFORMATION REGARDING THEIR PRODUCTS IN ORDER FOR THEM TO SAVE TIME.
     11          * AS A RESULT, STMICROELECTRONICS SHALL NOT BE HELD LIABLE FOR ANY DIRECT,
     12          * INDIRECT OR CONSEQUENTIAL DAMAGES WITH RESPECT TO ANY CLAIMS ARISING FROM THE
     13          * CONTENT OF SUCH SOFTWARE AND/OR THE USE MADE BY CUSTOMERS OF THE CODING
     14          * INFORMATION CONTAINED HEREIN IN CONNECTION WITH THEIR PRODUCTS.
     15          *******************************************************************************/
     16          
     17          /* Includes ------------------------------------------------------------------*/
     18          #include "common.h"
     19          
     20          /* Private typedef -----------------------------------------------------------*/
     21          /* Private define ------------------------------------------------------------*/
     22          /* Private macro -------------------------------------------------------------*/
     23          /* Private variables ---------------------------------------------------------*/
     24          extern u8 file_name[FILE_NAME_LENGTH];
     25          u8 tab_1024[1024]={0};
     26          
     27          /* Private function prototypes -----------------------------------------------*/
     28          /* Private functions ---------------------------------------------------------*/
     29          /*******************************************************************************
     30          * Function Name  : SerialDownload
     31          * Description    : Download a file via serial port
     32          * Input          : None
     33          * Output         : None
     34          * Return         : None
     35          *******************************************************************************/
     36          void SerialDownload(uint8_t cmd)
     37          {
     38            uint8_t Number[10] = "          ";
     39            s32 Size = 0;
     40          
     41            SerialPutString("Waiting for the file to be sent ... (press 'a' to abort)\n\r");
     42            Size = Ymodem_Receive(&tab_1024[0], cmd);
     43            uDelay(1000);
     44            if (Size > 0)
     45            {
     46              SerialPutString("\n\n\r Programming Completed Successfully!\n\r------------------\r\n\0");
     47              SerialPutString("\n\r Name: ");    
     48              SerialPutString(file_name);
     49              SerialPutString("\n\r Size: ");
     50              Int2Str(Number, Size);
     51              SerialPutString(Number);
     52              SerialPutString(" Bytes\r\n");
     53              SerialPutString("------------------\n");
     54            }
     55            else if (Size == -1)
     56            {
     57              SerialPutString("\n\n\rThe image size is higher than the allowed space memory!\n\r");
     58            }
     59            else if (Size == -2)
     60            {
     61              SerialPutString("\n\n\rVerification failed!\n\r");
     62            }
     63            else if (Size == -3)
     64            {
     65              SerialPutString("\r\n\nAborted by user.\n\r");
     66            }
     67            else
     68            {
     69              SerialPutString("\n\rFailed to receive the file!\n\r");
     70            }
     71          }
     72          
     73          
     74          /*******************(C)COPYRIGHT 2007 STMicroelectronics *****END OF FILE****/

   Maximum stack usage in bytes:

   .cstack Function
   ------- --------
       24  SerialDownload
             24 -> Int2Str
             24 -> SerialPutString
             24 -> Ymodem_Receive
             24 -> __aeabi_memcpy4
             24 -> uDelay


   Section sizes:

   Bytes  Function/Label
   -----  --------------
      12  ?<Constant "          ">
      12  ?<Constant " Bytes\r\n">
      20  ?<Constant "------------------\n">
      60  ?<Constant "Waiting for the file ...">
      64  ?<Constant "\n\n\r Programming Compl...">
      64  ?<Constant "\n\n\rThe image size is ...">
      28  ?<Constant "\n\n\rVerification faile...">
      12  ?<Constant "\n\r Name: ">
      12  ?<Constant "\n\r Size: ">
      32  ?<Constant "\n\rFailed to receive t...">
      24  ?<Constant "\r\n\nAborted by user.\n\r">
     200  SerialDownload
    1024  tab_1024

 
 1 024 bytes in section .bss
   340 bytes in section .rodata
   200 bytes in section .text
 
   200 bytes of CODE  memory
   340 bytes of CONST memory
 1 024 bytes of DATA  memory

Errors: none
Warnings: none
